SF:lib/app/feature/characters/domain/entity/character.dart
DA:7,7
LF:1
LH:1
end_of_record
SF:lib/app/feature/characters/domain/error/error.dart
DA:6,0
DA:11,0
DA:16,0
LF:3
LH:0
end_of_record
SF:lib/app/feature/characters/infra/model/character_model.dart
DA:4,2
DA:13,2
DA:24,2
DA:25,1
DA:26,1
DA:27,1
DA:28,1
DA:29,2
DA:30,5
DA:31,1
DA:32,2
DA:33,2
DA:34,1
DA:37,4
DA:38,2
DA:39,2
DA:40,2
DA:41,2
DA:42,2
DA:43,2
DA:44,2
DA:45,2
DA:48,0
DA:49,0
DA:50,0
DA:51,0
DA:52,0
DA:53,0
DA:54,0
DA:55,0
DA:56,0
DA:59,2
DA:60,1
DA:61,1
DA:62,1
DA:63,1
DA:64,1
DA:65,1
DA:66,1
DA:67,2
DA:68,1
DA:69,1
LF:42
LH:33
end_of_record
SF:lib/app/feature/characters/infra/repository/character_repository_impl.dart
DA:9,1
DA:11,1
DA:13,2
DA:15,1
DA:18,2
DA:20,1
DA:22,3
DA:24,0
DA:26,0
DA:27,0
LF:10
LH:7
end_of_record
SF:lib/app/feature/characters/external/datasource/character_datasource_impl.dart
DA:14,1
DA:16,1
DA:17,1
DA:18,3
DA:19,1
DA:26,1
DA:28,1
DA:29,2
DA:30,1
DA:31,2
DA:36,1
DA:39,3
DA:40,3
DA:42,2
DA:43,1
DA:47,1
DA:51,1
DA:54,1
DA:55,2
DA:56,2
DA:57,3
DA:58,2
DA:59,2
DA:61,1
DA:64,1
DA:66,5
DA:68,2
DA:69,0
DA:71,1
DA:74,1
DA:76,2
DA:77,1
DA:80,1
DA:83,3
DA:86,2
DA:87,1
DA:88,1
DA:89,1
DA:92,0
DA:93,0
LF:40
LH:37
end_of_record
SF:lib/app/feature/characters/domain/use_case/character_usecase.dart
DA:22,3
DA:24,3
DA:27,6
DA:29,3
DA:30,3
DA:31,1
DA:37,3
DA:39,6
DA:41,2
DA:42,4
DA:44,0
DA:45,0
LF:12
LH:10
end_of_record
SF:lib/app/di/injector.dart
DA:13,0
DA:14,0
DA:15,0
DA:16,0
DA:17,0
DA:18,0
DA:19,0
DA:20,0
DA:21,0
DA:22,0
DA:23,0
DA:26,0
DA:27,0
DA:30,0
DA:31,0
DA:37,0
DA:39,0
DA:40,0
DA:43,0
LF:19
LH:0
end_of_record
SF:lib/app/feature/characters/presenter/characters_store.g.dart
DA:14,2
DA:16,8
DA:18,2
DA:21,2
DA:23,8
DA:25,2
DA:27,2
DA:28,4
DA:30,2
DA:32,4
DA:33,2
DA:36,0
DA:38,0
DA:39,0
DA:43,2
DA:44,4
DA:46,2
DA:48,4
DA:49,2
DA:52,2
DA:54,8
DA:55,2
DA:59,2
DA:60,4
DA:62,2
DA:64,4
DA:65,2
DA:68,2
DA:70,8
DA:71,2
DA:75,2
DA:76,4
DA:78,2
DA:80,4
DA:81,2
DA:84,2
DA:86,8
DA:87,2
DA:91,2
DA:92,4
DA:94,2
DA:96,4
DA:97,2
DA:100,2
DA:102,8
DA:103,2
DA:107,2
DA:108,4
DA:110,2
DA:112,4
DA:113,2
DA:116,2
DA:118,8
DA:119,2
DA:123,2
DA:124,4
DA:126,2
DA:128,8
DA:131,4
DA:133,2
DA:135,2
DA:137,2
DA:138,6
DA:141,2
DA:142,4
DA:144,2
DA:146,8
DA:149,2
DA:150,4
DA:152,2
DA:154,8
DA:157,1
DA:158,2
DA:160,1
DA:162,1
DA:163,3
DA:166,2
DA:167,4
DA:169,2
DA:171,4
DA:174,2
DA:176,4
DA:180,0
DA:183,0
DA:184,0
DA:185,0
DA:186,0
DA:187,0
DA:188,0
DA:189,0
DA:190,0
DA:191,0
LF:92
LH:79
end_of_record
SF:lib/app/feature/characters/presenter/characters_store.dart
DA:16,2
DA:17,2
DA:38,2
DA:40,4
DA:41,2
DA:42,2
DA:43,2
DA:44,2
DA:45,4
DA:48,2
DA:49,2
DA:50,1
DA:54,2
DA:56,2
DA:57,2
DA:58,2
DA:60,10
DA:61,3
DA:62,4
DA:63,4
DA:64,2
DA:65,2
DA:67,2
DA:71,2
DA:73,2
DA:74,4
DA:75,2
DA:76,2
DA:78,8
DA:79,4
DA:80,2
DA:81,2
DA:82,2
DA:84,2
DA:88,2
DA:90,2
DA:91,2
DA:92,2
DA:95,2
DA:97,4
DA:98,2
DA:99,2
DA:100,2
DA:101,2
DA:103,1
DA:107,1
DA:110,2
DA:111,2
DA:112,7
DA:113,1
DA:114,1
DA:115,1
DA:117,1
DA:121,2
DA:122,2
DA:124,2
DA:125,4
DA:131,2
DA:133,2
DA:135,2
DA:137,2
DA:142,1
DA:144,1
DA:146,1
DA:148,1
LF:65
LH:65
end_of_record
SF:lib/app/feature/characters/presenter/favorites/favorites_characters_store.g.dart
DA:14,0
DA:16,0
DA:18,0
DA:21,0
DA:23,0
DA:25,0
DA:30,0
DA:32,0
DA:33,0
DA:36,0
DA:38,0
DA:39,0
DA:46,0
DA:48,0
DA:49,0
DA:52,0
DA:54,0
DA:55,0
DA:62,0
DA:64,0
DA:65,0
DA:68,0
DA:70,0
DA:71,0
DA:79,0
DA:81,0
DA:87,0
DA:89,0
DA:95,0
DA:97,0
DA:98,0
DA:100,0
DA:102,0
DA:106,0
DA:109,0
DA:110,0
DA:111,0
DA:112,0
DA:113,0
DA:114,0
LF:40
LH:0
end_of_record
SF:lib/app/feature/characters/presenter/favorites/favorites_characters_store.dart
DA:15,0
DA:16,0
DA:28,0
DA:30,0
DA:31,0
DA:32,0
DA:35,0
DA:37,0
DA:38,0
DA:41,0
DA:43,0
DA:44,0
DA:47,0
DA:48,0
DA:50,0
DA:51,0
LF:16
LH:0
end_of_record
SF:lib/app/feature/characters/presenter/characters_page.dart
DA:12,1
DA:14,1
DA:15,1
DA:16,1
DA:18,1
DA:19,1
DA:21,0
DA:25,1
DA:26,2
DA:27,1
DA:28,1
DA:31,2
DA:33,1
DA:36,2
DA:41,1
DA:42,4
DA:44,2
DA:45,3
DA:46,2
DA:47,1
DA:48,2
DA:49,2
DA:50,2
DA:51,2
LF:24
LH:23
end_of_record
SF:lib/app/feature/characters/presenter/widget/character_listview_widget.dart
DA:7,1
DA:13,1
DA:20,1
DA:21,1
DA:22,3
DA:23,1
DA:24,3
DA:25,1
DA:26,2
DA:31,4
LF:10
LH:10
end_of_record
SF:lib/app/feature/characters/presenter/widget/search_by_name_widget.dart
DA:6,1
DA:9,1
DA:12,1
DA:13,1
DA:14,2
DA:15,1
DA:17,1
DA:19,1
DA:20,1
DA:21,2
DA:22,2
DA:24,3
DA:32,1
DA:35,1
DA:39,1
DA:41,2
DA:45,1
DA:49,1
DA:54,1
DA:55,1
DA:57,5
LF:21
LH:21
end_of_record
SF:lib/app/feature/characters/presenter/widget/specie_filter_widget.dart
DA:7,1
DA:10,1
DA:14,1
DA:15,1
DA:16,1
DA:18,1
DA:19,1
DA:25,1
DA:26,1
DA:32,1
DA:33,1
DA:44,1
DA:48,1
DA:53,1
DA:54,1
DA:55,2
DA:56,4
DA:57,1
DA:60,4
DA:61,2
DA:62,2
DA:65,3
LF:22
LH:22
end_of_record
SF:lib/app/feature/characters/presenter/detail/detail_character_page.dart
DA:7,2
DA:11,2
DA:14,20
DA:15,2
DA:16,2
DA:17,6
DA:19,2
DA:20,2
DA:21,2
DA:22,4
DA:26,2
DA:33,2
DA:35,6
DA:37,2
DA:39,6
DA:41,2
DA:43,2
DA:45,2
DA:46,2
DA:48,2
DA:50,6
DA:51,4
DA:53,2
DA:54,10
LF:24
LH:24
end_of_record
SF:lib/app/feature/characters/presenter/favorites/favorites_characters_page.dart
DA:10,0
DA:12,0
DA:13,0
DA:14,0
DA:17,0
DA:18,0
DA:20,0
DA:21,0
DA:22,0
DA:23,0
DA:24,0
DA:25,0
DA:27,0
LF:13
LH:0
end_of_record
SF:lib/app/feature/characters/presenter/widget/character_widget.dart
DA:7,2
DA:11,2
DA:16,2
DA:17,2
DA:18,3
DA:20,1
DA:22,6
DA:23,6
DA:24,2
DA:25,4
DA:26,2
DA:27,2
DA:30,6
DA:35,2
DA:39,2
DA:44,2
DA:45,2
DA:46,2
DA:47,4
DA:48,4
DA:50,0
LF:21
LH:20
end_of_record
SF:lib/app/routes/routes.dart
DA:9,3
DA:10,0
DA:11,1
DA:12,3
DA:13,1
DA:15,0
LF:6
LH:4
end_of_record
